<?xml version="1.0" encoding="UTF-8"?>
<!-- Generated by org.testng.reporters.JUnitReportReporter -->
<testsuite hostname="Dhanalaxmi" failures="0" tests="1" name="testCases.TC_01_AccountRegistrationTest" time="3.085" errors="0" timestamp="2025-01-02T13:42:25 IST" skipped="0">
  <testcase classname="testCases.TC_01_AccountRegistrationTest" name="verify_Account_Registration" time="3.085"/>
</testsuite> <!-- testCases.TC_01_AccountRegistrationTest -->
